{
  "RSpec": {
    "coverage": {
      "/Users/cynthiaf/Dropbox/My Mac (MA310.local)/Documents/Projects/codereviews/gilded_rose_ruby/spec/gilded_rose_spec.rb": {
        "lines": [
          1,
          null,
          1,
          null,
          1,
          1,
          1,
          1,
          1,
          null,
          null,
          null,
          null
        ]
      },
      "/Users/cynthiaf/Dropbox/My Mac (MA310.local)/Documents/Projects/codereviews/gilded_rose_ruby/lib/gilded_rose.rb": {
        "lines": [
          1,
          null,
          1,
          null,
          1,
          1,
          null,
          null,
          1,
          1,
          1,
          1,
          0,
          0,
          null,
          null,
          null,
          0,
          0,
          0,
          0,
          0,
          0,
          null,
          null,
          0,
          0,
          0,
          null,
          null,
          null,
          null,
          null,
          1,
          1,
          null,
          1,
          1,
          1,
          1,
          0,
          0,
          null,
          null,
          null,
          0,
          null,
          null,
          0,
          0,
          null,
          null,
          null,
          null,
          null,
          null
        ]
      },
      "/Users/cynthiaf/Dropbox/My Mac (MA310.local)/Documents/Projects/codereviews/gilded_rose_ruby/lib/item.rb": {
        "lines": [
          1,
          1,
          null,
          1,
          1,
          1,
          1,
          null,
          null,
          1,
          0,
          null,
          null
        ]
      }
    },
    "timestamp": 1628087068
  }
}
